Starting: /Users/hchen/go/bin/dlv dap --check-go-version=false --listen=127.0.0.1:59561 --log-dest=3 from /Users/hchen/Projects/aternity-distrubuted-tracing/dtrace
DAP server listening at: 127.0.0.1:59561
Type 'dlv help' for list of commands.
[GIN-debug] [WARNING] Creating an Engine instance with the Logger and Recovery middleware already attached.

[GIN-debug] [WARNING] Running in "debug" mode. Switch to "release" mode in production.
 - using env:	export GIN_MODE=release
 - using code:	gin.SetMode(gin.ReleaseMode)
[GIN-debug] GET    /dtrace                   --> main.main.func1 (4 handlers)
[GIN-debug] [WARNING] You trusted all proxies, this is NOT safe. We recommend you to set a value.
Please check https://pkg.go.dev/github.com/gin-gonic/gin#readme-don-t-trust-all-proxies for details.
[GIN-debug] Listening and serving HTTP on :8080
{
	"Name": "span1",
	"SpanContext": {
		"TraceID": "0000000000000000cfc1fb71c52f9c2c",
		"SpanID": "5c76937bd6643372",
		"TraceFlags": "01",
		"TraceState": "",
		"Remote": false
	},
	"Parent": {
		"TraceID": "0000000000000000cfc1fb71c52f9c2c",
		"SpanID": "4268a19a06bde60c",
		"TraceFlags": "01",
		"TraceState": "",
		"Remote": false
	},
	"SpanKind": 1,
	"StartTime": "2022-03-09T16:12:24.482014+08:00",
	"EndTime": "2022-03-09T16:12:25.483094726+08:00",
	"Attributes": [
		{
			"Key": "key1",
			"Value": {
				"Type": "STRING",
				"Value": "value1"
			}
		}
	],
	"Events": null,
	"Links": null,
	"Status": {
		"Code": "Unset",
		"Description": ""
	},
	"DroppedAttributes": 0,
	"DroppedEvents": 0,
	"DroppedLinks": 0,
	"ChildSpanCount": 0,
	"Resource": [
		{
			"Key": "library.language",
			"Value": {
				"Type": "STRING",
				"Value": "go"
			}
		},
		{
			"Key": "service.name",
			"Value": {
				"Type": "STRING",
				"Value": "active.tax-service.server"
			}
		}
	],
	"InstrumentationLibrary": {
		"Name": "active.tax-service.dtrace-server",
		"Version": "",
		"SchemaURL": ""
	}
}
{
	"Name": "/dtrace",
	"SpanContext": {
		"TraceID": "0000000000000000cfc1fb71c52f9c2c",
		"SpanID": "4268a19a06bde60c",
		"TraceFlags": "01",
		"TraceState": "",
		"Remote": false
	},
	"Parent": {
		"TraceID": "0000000000000000cfc1fb71c52f9c2c",
		"SpanID": "f0b519f35e56e5fd",
		"TraceFlags": "01",
		"TraceState": "",
		"Remote": true
	},
	"SpanKind": 2,
	"StartTime": "2022-03-09T16:12:24.481963+08:00",
	"EndTime": "2022-03-09T16:12:26.168891973+08:00",
	"Attributes": [
		{
			"Key": "net.transport",
			"Value": {
				"Type": "STRING",
				"Value": "ip_tcp"
			}
		},
		{
			"Key": "net.peer.ip",
			"Value": {
				"Type": "STRING",
				"Value": "::1"
			}
		},
		{
			"Key": "net.peer.port",
			"Value": {
				"Type": "INT64",
				"Value": 59577
			}
		},
		{
			"Key": "net.host.name",
			"Value": {
				"Type": "STRING",
				"Value": "localhost"
			}
		},
		{
			"Key": "net.host.port",
			"Value": {
				"Type": "INT64",
				"Value": 8080
			}
		},
		{
			"Key": "http.method",
			"Value": {
				"Type": "STRING",
				"Value": "GET"
			}
		},
		{
			"Key": "http.target",
			"Value": {
				"Type": "STRING",
				"Value": "/dtrace"
			}
		},
		{
			"Key": "http.server_name",
			"Value": {
				"Type": "STRING",
				"Value": "active.tax-service.server"
			}
		},
		{
			"Key": "http.route",
			"Value": {
				"Type": "STRING",
				"Value": "/dtrace"
			}
		},
		{
			"Key": "http.user_agent",
			"Value": {
				"Type": "STRING",
				"Value": "go-resty/2.7.0 (https://github.com/go-resty/resty)"
			}
		},
		{
			"Key": "http.scheme",
			"Value": {
				"Type": "STRING",
				"Value": "http"
			}
		},
		{
			"Key": "http.host",
			"Value": {
				"Type": "STRING",
				"Value": "localhost:8080"
			}
		},
		{
			"Key": "http.flavor",
			"Value": {
				"Type": "STRING",
				"Value": "1.1"
			}
		},
		{
			"Key": "http.status_code",
			"Value": {
				"Type": "INT64",
				"Value": 200
			}
		}
	],
	"Events": null,
	"Links": null,
	"Status": {
		"Code": "Unset",
		"Description": ""
	},
	"DroppedAttributes": 0,
	"DroppedEvents": 0,
	"DroppedLinks": 0,
	"ChildSpanCount": 1,
	"Resource": [
		{
			"Key": "library.language",
			"Value": {
				"Type": "STRING",
				"Value": "go"
			}
		},
		{
			"Key": "service.name",
			"Value": {
				"Type": "STRING",
				"Value": "active.tax-service.server"
			}
		}
	],
	"InstrumentationLibrary": {
		"Name": "go.opentelemetry.io/contrib/instrumentation/github.com/gin-gonic/gin/otelgin",
		"Version": "semver:0.29.0",
		"SchemaURL": ""
	}
}
[GIN] 2022/03/09 - 16:12:26 | 200 |  1.891509543s |             ::1 | GET      "/dtrace"
{
	"Name": "span1",
	"SpanContext": {
		"TraceID": "0000000000000000df5aa9ff7c077a29",
		"SpanID": "76da43ab696cd800",
		"TraceFlags": "01",
		"TraceState": "",
		"Remote": false
	},
	"Parent": {
		"TraceID": "0000000000000000df5aa9ff7c077a29",
		"SpanID": "97ca7b1d13462a24",
		"TraceFlags": "01",
		"TraceState": "",
		"Remote": false
	},
	"SpanKind": 1,
	"StartTime": "2022-03-09T16:12:26.375791+08:00",
	"EndTime": "2022-03-09T16:12:27.375989017+08:00",
	"Attributes": [
		{
			"Key": "key1",
			"Value": {
				"Type": "STRING",
				"Value": "value1"
			}
		}
	],
	"Events": null,
	"Links": null,
	"Status": {
		"Code": "Unset",
		"Description": ""
	},
	"DroppedAttributes": 0,
	"DroppedEvents": 0,
	"DroppedLinks": 0,
	"ChildSpanCount": 0,
	"Resource": [
		{
			"Key": "library.language",
			"Value": {
				"Type": "STRING",
				"Value": "go"
			}
		},
		{
			"Key": "service.name",
			"Value": {
				"Type": "STRING",
				"Value": "active.tax-service.server"
			}
		}
	],
	"InstrumentationLibrary": {
		"Name": "active.tax-service.dtrace-server",
		"Version": "",
		"SchemaURL": ""
	}
}
{
	"Name": "/dtrace",
	"SpanContext": {
		"TraceID": "0000000000000000df5aa9ff7c077a29",
		"SpanID": "97ca7b1d13462a24",
		"TraceFlags": "01",
		"TraceState": "",
		"Remote": false
	},
	"Parent": {
		"TraceID": "0000000000000000df5aa9ff7c077a29",
		"SpanID": "fc60ab56a18cbfc5",
		"TraceFlags": "01",
		"TraceState": "",
		"Remote": true
	},
	"SpanKind": 2,
	"StartTime": "2022-03-09T16:12:26.375776+08:00",
	"EndTime": "2022-03-09T16:12:27.599859265+08:00",
	"Attributes": [
		{
			"Key": "net.transport",
			"Value": {
				"Type": "STRING",
				"Value": "ip_tcp"
			}
		},
		{
			"Key": "net.peer.ip",
			"Value": {
				"Type": "STRING",
				"Value": "::1"
			}
		},
		{
			"Key": "net.peer.port",
			"Value": {
				"Type": "INT64",
				"Value": 59577
			}
		},
		{
			"Key": "net.host.name",
			"Value": {
				"Type": "STRING",
				"Value": "localhost"
			}
		},
		{
			"Key": "net.host.port",
			"Value": {
				"Type": "INT64",
				"Value": 8080
			}
		},
		{
			"Key": "http.method",
			"Value": {
				"Type": "STRING",
				"Value": "GET"
			}
		},
		{
			"Key": "http.target",
			"Value": {
				"Type": "STRING",
				"Value": "/dtrace"
			}
		},
		{
			"Key": "http.server_name",
			"Value": {
				"Type": "STRING",
				"Value": "active.tax-service.server"
			}
		},
		{
			"Key": "http.route",
			"Value": {
				"Type": "STRING",
				"Value": "/dtrace"
			}
		},
		{
			"Key": "http.user_agent",
			"Value": {
				"Type": "STRING",
				"Value": "go-resty/2.7.0 (https://github.com/go-resty/resty)"
			}
		},
		{
			"Key": "http.scheme",
			"Value": {
				"Type": "STRING",
				"Value": "http"
			}
		},
		{
			"Key": "http.host",
			"Value": {
				"Type": "STRING",
				"Value": "localhost:8080"
			}
		},
		{
			"Key": "http.flavor",
			"Value": {
				"Type": "STRING",
				"Value": "1.1"
			}
		},
		{
			"Key": "http.status_code",
			"Value": {
				"Type": "INT64",
				"Value": 200
			}
		}
	],
	"Events": null,
	"Links": null,
	"Status": {
		"Code": "Unset",
		"Description": ""
	},
	"DroppedAttributes": 0,
	"DroppedEvents": 0,
	"DroppedLinks": 0,
	"ChildSpanCount": 1,
	"Resource": [
		{
			"Key": "library.language",
			"Value": {
				"Type": "STRING",
				"Value": "go"
			}
		},
		{
			"Key": "service.name",
			"Value": {
				"Type": "STRING",
				"Value": "active.tax-service.server"
			}
		}
	],
	"InstrumentationLibrary": {
		"Name": "go.opentelemetry.io/contrib/instrumentation/github.com/gin-gonic/gin/otelgin",
		"Version": "semver:0.29.0",
		"SchemaURL": ""
	}
}
[GIN] 2022/03/09 - 16:12:27 | 200 |  1.432553154s |             ::1 | GET      "/dtrace"
